# JRE version: OpenJDK Runtime Environment (7.0_79-b14) (build 1.7.0_79-b14)
# Java VM: OpenJDK 64-Bit Server VM (24.79-b02 mixed mode linux-amd64 compressed oops)
Heap
 PSYoungGen      total 221184K, used 35712K [0x00000000eca80000, 0x00000000ffd00000, 0x0000000100000000)
  eden space 130560K, 0% used [0x00000000eca80000,0x00000000eca80000,0x00000000f4a00000)
  from space 90624K, 39% used [0x00000000fa180000,0x00000000fc460000,0x00000000ffa00000)
  to   space 89600K, 0% used [0x00000000f4a00000,0x00000000f4a00000,0x00000000fa180000)
 ParOldGen       total 282624K, used 264189K [0x00000000c6000000, 0x00000000d7400000, 0x00000000eca80000)
  object space 282624K, 93% used [0x00000000c6000000,0x00000000d61ff718,0x00000000d7400000)
 PSPermGen       total 21504K, used 5340K [0x00000000bba00000, 0x00000000bcf00000, 0x00000000c6000000)
  object space 21504K, 24% used [0x00000000bba00000,0x00000000bbf37328,0x00000000bcf00000)
GC Heap History (10 events):
Event: 69,308 GC heap after
Heap after GC invocations=50 (full 4):
 PSYoungGen      total 217600K, used 64448K [0x00000000eca80000, 0x00000000fff00000, 0x0000000100000000)
  eden space 120320K, 0% used [0x00000000eca80000,0x00000000eca80000,0x00000000f4000000)
  from space 97280K, 66% used [0x00000000fa000000,0x00000000fdef0020,0x00000000fff00000)
  to   space 97792K, 0% used [0x00000000f4000000,0x00000000f4000000,0x00000000f9f80000)
 ParOldGen       total 282624K, used 221725K [0x00000000c6000000, 0x00000000d7400000, 0x00000000eca80000)
  object space 282624K, 78% used [0x00000000c6000000,0x00000000d38876f8,0x00000000d7400000)
 PSPermGen       total 21504K, used 5340K [0x00000000bba00000, 0x00000000bcf00000, 0x00000000c6000000)
  object space 21504K, 24% used [0x00000000bba00000,0x00000000bbf37328,0x00000000bcf00000)
}
Event: 69,532 GC heap before
{Heap before GC invocations=51 (full 4):
 PSYoungGen      total 217600K, used 184768K [0x00000000eca80000, 0x00000000fff00000, 0x0000000100000000)
  eden space 120320K, 100% used [0x00000000eca80000,0x00000000f4000000,0x00000000f4000000)
  from space 97280K, 66% used [0x00000000fa000000,0x00000000fdef0020,0x00000000fff00000)
  to   space 97792K, 0% used [0x00000000f4000000,0x00000000f4000000,0x00000000f9f80000)
 ParOldGen       total 282624K, used 221725K [0x00000000c6000000, 0x00000000d7400000, 0x00000000eca80000)
  object space 282624K, 78% used [0x00000000c6000000,0x00000000d38876f8,0x00000000d7400000)
 PSPermGen       total 21504K, used 5340K [0x00000000bba00000, 0x00000000bcf00000, 0x00000000c6000000)
  object space 21504K, 24% used [0x00000000bba00000,0x00000000bbf37328,0x00000000bcf00000)
Event: 69,674 GC heap after
Heap after GC invocations=51 (full 4):
 PSYoungGen      total 180736K, used 60032K [0x00000000eca80000, 0x00000000ffc80000, 0x0000000100000000)
  eden space 120320K, 0% used [0x00000000eca80000,0x00000000eca80000,0x00000000f4000000)
  from space 60416K, 99% used [0x00000000f4000000,0x00000000f7aa0020,0x00000000f7b00000)
  to   space 95744K, 0% used [0x00000000f9f00000,0x00000000f9f00000,0x00000000ffc80000)
 ParOldGen       total 282624K, used 229517K [0x00000000c6000000, 0x00000000d7400000, 0x00000000eca80000)
  object space 282624K, 81% used [0x00000000c6000000,0x00000000d40236f8,0x00000000d7400000)
 PSPermGen       total 21504K, used 5340K [0x00000000bba00000, 0x00000000bcf00000, 0x00000000c6000000)
  object space 21504K, 24% used [0x00000000bba00000,0x00000000bbf37328,0x00000000bcf00000)
}
Event: 69,897 GC heap before
{Heap before GC invocations=52 (full 4):
 PSYoungGen      total 180736K, used 180352K [0x00000000eca80000, 0x00000000ffc80000, 0x0000000100000000)
  eden space 120320K, 100% used [0x00000000eca80000,0x00000000f4000000,0x00000000f4000000)
  from space 60416K, 99% used [0x00000000f4000000,0x00000000f7aa0020,0x00000000f7b00000)
  to   space 95744K, 0% used [0x00000000f9f00000,0x00000000f9f00000,0x00000000ffc80000)
 ParOldGen       total 282624K, used 229517K [0x00000000c6000000, 0x00000000d7400000, 0x00000000eca80000)
  object space 282624K, 81% used [0x00000000c6000000,0x00000000d40236f8,0x00000000d7400000)
 PSPermGen       total 21504K, used 5340K [0x00000000bba00000, 0x00000000bcf00000, 0x00000000c6000000)
  object space 21504K, 24% used [0x00000000bba00000,0x00000000bbf37328,0x00000000bcf00000)
Event: 70,031 GC heap after
Heap after GC invocations=52 (full 4):
 PSYoungGen      total 221696K, used 55008K [0x00000000eca80000, 0x0000000100000000, 0x0000000100000000)
  eden space 125952K, 0% used [0x00000000eca80000,0x00000000eca80000,0x00000000f4580000)
  from space 95744K, 57% used [0x00000000f9f00000,0x00000000fd4b8020,0x00000000ffc80000)
  to   space 91648K, 0% used [0x00000000f4580000,0x00000000f4580000,0x00000000f9f00000)
 ParOldGen       total 282624K, used 237877K [0x00000000c6000000, 0x00000000d7400000, 0x00000000eca80000)
  object space 282624K, 84% used [0x00000000c6000000,0x00000000d484d6f8,0x00000000d7400000)
 PSPermGen       total 21504K, used 5340K [0x00000000bba00000, 0x00000000bcf00000, 0x00000000c6000000)
  object space 21504K, 24% used [0x00000000bba00000,0x00000000bbf37328,0x00000000bcf00000)
}
Event: 70,265 GC heap before
{Heap before GC invocations=53 (full 4):
 PSYoungGen      total 221696K, used 180960K [0x00000000eca80000, 0x0000000100000000, 0x0000000100000000)
  eden space 125952K, 100% used [0x00000000eca80000,0x00000000f4580000,0x00000000f4580000)
  from space 95744K, 57% used [0x00000000f9f00000,0x00000000fd4b8020,0x00000000ffc80000)
  to   space 91648K, 0% used [0x00000000f4580000,0x00000000f4580000,0x00000000f9f00000)
 ParOldGen       total 282624K, used 237877K [0x00000000c6000000, 0x00000000d7400000, 0x00000000eca80000)
  object space 282624K, 84% used [0x00000000c6000000,0x00000000d484d6f8,0x00000000d7400000)
 PSPermGen       total 21504K, used 5340K [0x00000000bba00000, 0x00000000bcf00000, 0x00000000c6000000)
  object space 21504K, 24% used [0x00000000bba00000,0x00000000bbf37328,0x00000000bcf00000)
Event: 70,392 GC heap after
Heap after GC invocations=53 (full 4):
 PSYoungGen      total 217600K, used 41408K [0x00000000eca80000, 0x00000000ffa00000, 0x0000000100000000)
  eden space 125952K, 0% used [0x00000000eca80000,0x00000000eca80000,0x00000000f4580000)
  from space 91648K, 45% used [0x00000000f4580000,0x00000000f6df0000,0x00000000f9f00000)
  to   space 90624K, 0% used [0x00000000fa180000,0x00000000fa180000,0x00000000ffa00000)
 ParOldGen       total 282624K, used 254957K [0x00000000c6000000, 0x00000000d7400000, 0x00000000eca80000)
  object space 282624K, 90% used [0x00000000c6000000,0x00000000d58fb718,0x00000000d7400000)
 PSPermGen       total 21504K, used 5340K [0x00000000bba00000, 0x00000000bcf00000, 0x00000000c6000000)
  object space 21504K, 24% used [0x00000000bba00000,0x00000000bbf37328,0x00000000bcf00000)
}
Event: 70,625 GC heap before
{Heap before GC invocations=54 (full 4):
 PSYoungGen      total 217600K, used 167360K [0x00000000eca80000, 0x00000000ffa00000, 0x0000000100000000)
  eden space 125952K, 100% used [0x00000000eca80000,0x00000000f4580000,0x00000000f4580000)
  from space 91648K, 45% used [0x00000000f4580000,0x00000000f6df0000,0x00000000f9f00000)
  to   space 90624K, 0% used [0x00000000fa180000,0x00000000fa180000,0x00000000ffa00000)
 ParOldGen       total 282624K, used 254957K [0x00000000c6000000, 0x00000000d7400000, 0x00000000eca80000)
  object space 282624K, 90% used [0x00000000c6000000,0x00000000d58fb718,0x00000000d7400000)
 PSPermGen       total 21504K, used 5340K [0x00000000bba00000, 0x00000000bcf00000, 0x00000000c6000000)
  object space 21504K, 24% used [0x00000000bba00000,0x00000000bbf37328,0x00000000bcf00000)
Event: 70,734 GC heap after
Heap after GC invocations=54 (full 4):
 PSYoungGen      total 221184K, used 35712K [0x00000000eca80000, 0x00000000ffd00000, 0x0000000100000000)
  eden space 130560K, 0% used [0x00000000eca80000,0x00000000eca80000,0x00000000f4a00000)
  from space 90624K, 39% used [0x00000000fa180000,0x00000000fc460000,0x00000000ffa00000)
  to   space 89600K, 0% used [0x00000000f4a00000,0x00000000f4a00000,0x00000000fa180000)
 ParOldGen       total 282624K, used 264189K [0x00000000c6000000, 0x00000000d7400000, 0x00000000eca80000)
  object space 282624K, 93% used [0x00000000c6000000,0x00000000d61ff718,0x00000000d7400000)
 PSPermGen       total 21504K, used 5340K [0x00000000bba00000, 0x00000000bcf00000, 0x00000000c6000000)
  object space 21504K, 24% used [0x00000000bba00000,0x00000000bbf37328,0x00000000bcf00000)
}
Event: 70,734 GC heap before
{Heap before GC invocations=55 (full 5):
 PSYoungGen      total 221184K, used 35712K [0x00000000eca80000, 0x00000000ffd00000, 0x0000000100000000)
  eden space 130560K, 0% used [0x00000000eca80000,0x00000000eca80000,0x00000000f4a00000)
  from space 90624K, 39% used [0x00000000fa180000,0x00000000fc460000,0x00000000ffa00000)
  to   space 89600K, 0% used [0x00000000f4a00000,0x00000000f4a00000,0x00000000fa180000)
 ParOldGen       total 282624K, used 264189K [0x00000000c6000000, 0x00000000d7400000, 0x00000000eca80000)
  object space 282624K, 93% used [0x00000000c6000000,0x00000000d61ff718,0x00000000d7400000)
 PSPermGen       total 21504K, used 5340K [0x00000000bba00000, 0x00000000bcf00000, 0x00000000c6000000)
  object space 21504K, 24% used [0x00000000bba00000,0x00000000bbf37328,0x00000000bcf00000)

