# JRE version: OpenJDK Runtime Environment (7.0_79-b14) (build 1.7.0_79-b14)
# Java VM: OpenJDK 64-Bit Server VM (24.79-b02 mixed mode linux-amd64 compressed oops)
Heap
 PSYoungGen      total 212992K, used 24544K [0x00000000eca80000, 0x0000000100000000, 0x0000000100000000)
  eden space 113664K, 0% used [0x00000000eca80000,0x00000000eca80000,0x00000000f3980000)
  from space 99328K, 24% used [0x00000000f9b00000,0x00000000fb2f8020,0x00000000ffc00000)
  to   space 99840K, 0% used [0x00000000f3980000,0x00000000f3980000,0x00000000f9b00000)
 ParOldGen       total 214528K, used 186878K [0x00000000c6000000, 0x00000000d3180000, 0x00000000eca80000)
  object space 214528K, 87% used [0x00000000c6000000,0x00000000d167fb60,0x00000000d3180000)
 PSPermGen       total 21504K, used 5342K [0x00000000bba00000, 0x00000000bcf00000, 0x00000000c6000000)
  object space 21504K, 24% used [0x00000000bba00000,0x00000000bbf378c0,0x00000000bcf00000)
GC Heap History (10 events):
Event: 61,297 GC heap after
Heap after GC invocations=23 (full 3):
 PSYoungGen      total 209920K, used 75040K [0x00000000eca80000, 0x0000000100000000, 0x0000000100000000)
  eden space 105984K, 0% used [0x00000000eca80000,0x00000000eca80000,0x00000000f3200000)
  from space 103936K, 72% used [0x00000000f9a80000,0x00000000fe3c8060,0x0000000100000000)
  to   space 105472K, 0% used [0x00000000f3200000,0x00000000f3200000,0x00000000f9900000)
 ParOldGen       total 214528K, used 123502K [0x00000000c6000000, 0x00000000d3180000, 0x00000000eca80000)
  object space 214528K, 57% used [0x00000000c6000000,0x00000000cd89bb20,0x00000000d3180000)
 PSPermGen       total 21504K, used 5342K [0x00000000bba00000, 0x00000000bcf00000, 0x00000000c6000000)
  object space 21504K, 24% used [0x00000000bba00000,0x00000000bbf378c0,0x00000000bcf00000)
}
Event: 61,495 GC heap before
{Heap before GC invocations=24 (full 3):
 PSYoungGen      total 209920K, used 181024K [0x00000000eca80000, 0x0000000100000000, 0x0000000100000000)
  eden space 105984K, 100% used [0x00000000eca80000,0x00000000f3200000,0x00000000f3200000)
  from space 103936K, 72% used [0x00000000f9a80000,0x00000000fe3c8060,0x0000000100000000)
  to   space 105472K, 0% used [0x00000000f3200000,0x00000000f3200000,0x00000000f9900000)
 ParOldGen       total 214528K, used 123502K [0x00000000c6000000, 0x00000000d3180000, 0x00000000eca80000)
  object space 214528K, 57% used [0x00000000c6000000,0x00000000cd89bb20,0x00000000d3180000)
 PSPermGen       total 21504K, used 5342K [0x00000000bba00000, 0x00000000bcf00000, 0x00000000c6000000)
  object space 21504K, 24% used [0x00000000bba00000,0x00000000bbf378c0,0x00000000bcf00000)
Event: 61,701 GC heap after
Heap after GC invocations=24 (full 3):
 PSYoungGen      total 165376K, used 59328K [0x00000000eca80000, 0x00000000ffb80000, 0x0000000100000000)
  eden space 105984K, 0% used [0x00000000eca80000,0x00000000eca80000,0x00000000f3200000)
  from space 59392K, 99% used [0x00000000f3200000,0x00000000f6bf0040,0x00000000f6c00000)
  to   space 102400K, 0% used [0x00000000f9780000,0x00000000f9780000,0x00000000ffb80000)
 ParOldGen       total 214528K, used 142182K [0x00000000c6000000, 0x00000000d3180000, 0x00000000eca80000)
  object space 214528K, 66% used [0x00000000c6000000,0x00000000cead9b40,0x00000000d3180000)
 PSPermGen       total 21504K, used 5342K [0x00000000bba00000, 0x00000000bcf00000, 0x00000000c6000000)
  object space 21504K, 24% used [0x00000000bba00000,0x00000000bbf378c0,0x00000000bcf00000)
}
Event: 61,896 GC heap before
{Heap before GC invocations=25 (full 3):
 PSYoungGen      total 165376K, used 165312K [0x00000000eca80000, 0x00000000ffb80000, 0x0000000100000000)
  eden space 105984K, 100% used [0x00000000eca80000,0x00000000f3200000,0x00000000f3200000)
  from space 59392K, 99% used [0x00000000f3200000,0x00000000f6bf0040,0x00000000f6c00000)
  to   space 102400K, 0% used [0x00000000f9780000,0x00000000f9780000,0x00000000ffb80000)
 ParOldGen       total 214528K, used 142182K [0x00000000c6000000, 0x00000000d3180000, 0x00000000eca80000)
  object space 214528K, 66% used [0x00000000c6000000,0x00000000cead9b40,0x00000000d3180000)
 PSPermGen       total 21504K, used 5342K [0x00000000bba00000, 0x00000000bcf00000, 0x00000000c6000000)
  object space 21504K, 24% used [0x00000000bba00000,0x00000000bbf378c0,0x00000000bcf00000)
Event: 62,029 GC heap after
Heap after GC invocations=25 (full 3):
 PSYoungGen      total 211968K, used 63200K [0x00000000eca80000, 0x0000000100000000, 0x0000000100000000)
  eden space 109568K, 0% used [0x00000000eca80000,0x00000000eca80000,0x00000000f3580000)
  from space 102400K, 61% used [0x00000000f9780000,0x00000000fd538040,0x00000000ffb80000)
  to   space 100352K, 0% used [0x00000000f3580000,0x00000000f3580000,0x00000000f9780000)
 ParOldGen       total 214528K, used 142182K [0x00000000c6000000, 0x00000000d3180000, 0x00000000eca80000)
  object space 214528K, 66% used [0x00000000c6000000,0x00000000cead9b40,0x00000000d3180000)
 PSPermGen       total 21504K, used 5342K [0x00000000bba00000, 0x00000000bcf00000, 0x00000000c6000000)
  object space 21504K, 24% used [0x00000000bba00000,0x00000000bbf378c0,0x00000000bcf00000)
}
Event: 62,231 GC heap before
{Heap before GC invocations=26 (full 3):
 PSYoungGen      total 211968K, used 172768K [0x00000000eca80000, 0x0000000100000000, 0x0000000100000000)
  eden space 109568K, 100% used [0x00000000eca80000,0x00000000f3580000,0x00000000f3580000)
  from space 102400K, 61% used [0x00000000f9780000,0x00000000fd538040,0x00000000ffb80000)
  to   space 100352K, 0% used [0x00000000f3580000,0x00000000f3580000,0x00000000f9780000)
 ParOldGen       total 214528K, used 142182K [0x00000000c6000000, 0x00000000d3180000, 0x00000000eca80000)
  object space 214528K, 66% used [0x00000000c6000000,0x00000000cead9b40,0x00000000d3180000)
 PSPermGen       total 21504K, used 5342K [0x00000000bba00000, 0x00000000bcf00000, 0x00000000c6000000)
  object space 21504K, 24% used [0x00000000bba00000,0x00000000bbf378c0,0x00000000bcf00000)
Event: 62,378 GC heap after
Heap after GC invocations=26 (full 3):
 PSYoungGen      total 209920K, used 40256K [0x00000000eca80000, 0x00000000ffc00000, 0x0000000100000000)
  eden space 109568K, 0% used [0x00000000eca80000,0x00000000eca80000,0x00000000f3580000)
  from space 100352K, 40% used [0x00000000f3580000,0x00000000f5cd0030,0x00000000f9780000)
  to   space 99328K, 0% used [0x00000000f9b00000,0x00000000f9b00000,0x00000000ffc00000)
 ParOldGen       total 214528K, used 168142K [0x00000000c6000000, 0x00000000d3180000, 0x00000000eca80000)
  object space 214528K, 78% used [0x00000000c6000000,0x00000000d0433b50,0x00000000d3180000)
 PSPermGen       total 21504K, used 5342K [0x00000000bba00000, 0x00000000bcf00000, 0x00000000c6000000)
  object space 21504K, 24% used [0x00000000bba00000,0x00000000bbf378c0,0x00000000bcf00000)
}
Event: 62,873 GC heap before
{Heap before GC invocations=27 (full 3):
 PSYoungGen      total 209920K, used 149824K [0x00000000eca80000, 0x00000000ffc00000, 0x0000000100000000)
  eden space 109568K, 100% used [0x00000000eca80000,0x00000000f3580000,0x00000000f3580000)
  from space 100352K, 40% used [0x00000000f3580000,0x00000000f5cd0030,0x00000000f9780000)
  to   space 99328K, 0% used [0x00000000f9b00000,0x00000000f9b00000,0x00000000ffc00000)
 ParOldGen       total 214528K, used 168142K [0x00000000c6000000, 0x00000000d3180000, 0x00000000eca80000)
  object space 214528K, 78% used [0x00000000c6000000,0x00000000d0433b50,0x00000000d3180000)
 PSPermGen       total 21504K, used 5342K [0x00000000bba00000, 0x00000000bcf00000, 0x00000000c6000000)
  object space 21504K, 24% used [0x00000000bba00000,0x00000000bbf378c0,0x00000000bcf00000)
Event: 63,010 GC heap after
Heap after GC invocations=27 (full 3):
 PSYoungGen      total 212992K, used 24544K [0x00000000eca80000, 0x0000000100000000, 0x0000000100000000)
  eden space 113664K, 0% used [0x00000000eca80000,0x00000000eca80000,0x00000000f3980000)
  from space 99328K, 24% used [0x00000000f9b00000,0x00000000fb2f8020,0x00000000ffc00000)
  to   space 99840K, 0% used [0x00000000f3980000,0x00000000f3980000,0x00000000f9b00000)
 ParOldGen       total 214528K, used 186878K [0x00000000c6000000, 0x00000000d3180000, 0x00000000eca80000)
  object space 214528K, 87% used [0x00000000c6000000,0x00000000d167fb60,0x00000000d3180000)
 PSPermGen       total 21504K, used 5342K [0x00000000bba00000, 0x00000000bcf00000, 0x00000000c6000000)
  object space 21504K, 24% used [0x00000000bba00000,0x00000000bbf378c0,0x00000000bcf00000)
}
Event: 63,010 GC heap before
{Heap before GC invocations=28 (full 4):
 PSYoungGen      total 212992K, used 24544K [0x00000000eca80000, 0x0000000100000000, 0x0000000100000000)
  eden space 113664K, 0% used [0x00000000eca80000,0x00000000eca80000,0x00000000f3980000)
  from space 99328K, 24% used [0x00000000f9b00000,0x00000000fb2f8020,0x00000000ffc00000)
  to   space 99840K, 0% used [0x00000000f3980000,0x00000000f3980000,0x00000000f9b00000)
 ParOldGen       total 214528K, used 186878K [0x00000000c6000000, 0x00000000d3180000, 0x00000000eca80000)
  object space 214528K, 87% used [0x00000000c6000000,0x00000000d167fb60,0x00000000d3180000)
 PSPermGen       total 21504K, used 5342K [0x00000000bba00000, 0x00000000bcf00000, 0x00000000c6000000)
  object space 21504K, 24% used [0x00000000bba00000,0x00000000bbf378c0,0x00000000bcf00000)

