# JRE version: OpenJDK Runtime Environment (7.0_79-b14) (build 1.7.0_79-b14)
# Java VM: OpenJDK 64-Bit Server VM (24.79-b02 mixed mode linux-amd64 compressed oops)
Heap
 PSYoungGen      total 155648K, used 59648K [0x00000000eca80000, 0x00000000fd280000, 0x0000000100000000)
  eden space 50176K, 0% used [0x00000000eca80000,0x00000000eca80000,0x00000000efb80000)
  from space 105472K, 56% used [0x00000000efb80000,0x00000000f35c0040,0x00000000f6280000)
  to   space 105472K, 0% used [0x00000000f6b80000,0x00000000f6b80000,0x00000000fd280000)
 ParOldGen       total 139776K, used 125674K [0x00000000c6000000, 0x00000000ce880000, 0x00000000eca80000)
  object space 139776K, 89% used [0x00000000c6000000,0x00000000cdaba998,0x00000000ce880000)
 PSPermGen       total 21504K, used 5307K [0x00000000bba00000, 0x00000000bcf00000, 0x00000000c6000000)
  object space 21504K, 24% used [0x00000000bba00000,0x00000000bbf2ed38,0x00000000bcf00000)
GC Heap History (10 events):
Event: 4,684 GC heap after
Heap after GC invocations=13 (full 2):
 PSYoungGen      total 121856K, used 74272K [0x00000000eca80000, 0x00000000fac80000, 0x0000000100000000)
  eden space 44032K, 0% used [0x00000000eca80000,0x00000000eca80000,0x00000000ef580000)
  from space 77824K, 95% used [0x00000000ef580000,0x00000000f3e08050,0x00000000f4180000)
  to   space 88576K, 0% used [0x00000000f5600000,0x00000000f5600000,0x00000000fac80000)
 ParOldGen       total 139776K, used 88362K [0x00000000c6000000, 0x00000000ce880000, 0x00000000eca80000)
  object space 139776K, 63% used [0x00000000c6000000,0x00000000cb64a978,0x00000000ce880000)
 PSPermGen       total 21504K, used 5305K [0x00000000bba00000, 0x00000000bcf00000, 0x00000000c6000000)
  object space 21504K, 24% used [0x00000000bba00000,0x00000000bbf2e6c8,0x00000000bcf00000)
}
Event: 4,903 GC heap before
{Heap before GC invocations=14 (full 2):
 PSYoungGen      total 121856K, used 111424K [0x00000000eca80000, 0x00000000fac80000, 0x0000000100000000)
  eden space 44032K, 84% used [0x00000000eca80000,0x00000000eeec8078,0x00000000ef580000)
  from space 77824K, 95% used [0x00000000ef580000,0x00000000f3e08050,0x00000000f4180000)
  to   space 88576K, 0% used [0x00000000f5600000,0x00000000f5600000,0x00000000fac80000)
 ParOldGen       total 139776K, used 88362K [0x00000000c6000000, 0x00000000ce880000, 0x00000000eca80000)
  object space 139776K, 63% used [0x00000000c6000000,0x00000000cb64a978,0x00000000ce880000)
 PSPermGen       total 21504K, used 5305K [0x00000000bba00000, 0x00000000bcf00000, 0x00000000c6000000)
  object space 21504K, 24% used [0x00000000bba00000,0x00000000bbf2e6c8,0x00000000bcf00000)
Event: 5,178 GC heap after
Heap after GC invocations=14 (full 2):
 PSYoungGen      total 130048K, used 86274K [0x00000000eca80000, 0x00000000fc680000, 0x0000000100000000)
  eden space 41472K, 0% used [0x00000000eca80000,0x00000000eca80000,0x00000000ef300000)
  from space 88576K, 97% used [0x00000000f5600000,0x00000000faa40b30,0x00000000fac80000)
  to   space 101376K, 0% used [0x00000000ef300000,0x00000000ef300000,0x00000000f5600000)
 ParOldGen       total 139776K, used 88362K [0x00000000c6000000, 0x00000000ce880000, 0x00000000eca80000)
  object space 139776K, 63% used [0x00000000c6000000,0x00000000cb64a978,0x00000000ce880000)
 PSPermGen       total 21504K, used 5305K [0x00000000bba00000, 0x00000000bcf00000, 0x00000000c6000000)
  object space 21504K, 24% used [0x00000000bba00000,0x00000000bbf2e6c8,0x00000000bcf00000)
}
Event: 7,405 GC heap before
{Heap before GC invocations=15 (full 2):
 PSYoungGen      total 130048K, used 127686K [0x00000000eca80000, 0x00000000fc680000, 0x0000000100000000)
  eden space 41472K, 99% used [0x00000000eca80000,0x00000000ef2f0de0,0x00000000ef300000)
  from space 88576K, 97% used [0x00000000f5600000,0x00000000faa40b30,0x00000000fac80000)
  to   space 101376K, 0% used [0x00000000ef300000,0x00000000ef300000,0x00000000f5600000)
 ParOldGen       total 139776K, used 88362K [0x00000000c6000000, 0x00000000ce880000, 0x00000000eca80000)
  object space 139776K, 63% used [0x00000000c6000000,0x00000000cb64a978,0x00000000ce880000)
 PSPermGen       total 21504K, used 5307K [0x00000000bba00000, 0x00000000bcf00000, 0x00000000c6000000)
  object space 21504K, 24% used [0x00000000bba00000,0x00000000bbf2ed38,0x00000000bcf00000)
Event: 7,659 GC heap after
Heap after GC invocations=15 (full 2):
 PSYoungGen      total 142848K, used 96576K [0x00000000eca80000, 0x00000000fca80000, 0x0000000100000000)
  eden space 41472K, 0% used [0x00000000eca80000,0x00000000eca80000,0x00000000ef300000)
  from space 101376K, 95% used [0x00000000ef300000,0x00000000f5150040,0x00000000f5600000)
  to   space 105472K, 0% used [0x00000000f6380000,0x00000000f6380000,0x00000000fca80000)
 ParOldGen       total 139776K, used 88362K [0x00000000c6000000, 0x00000000ce880000, 0x00000000eca80000)
  object space 139776K, 63% used [0x00000000c6000000,0x00000000cb64a978,0x00000000ce880000)
 PSPermGen       total 21504K, used 5307K [0x00000000bba00000, 0x00000000bcf00000, 0x00000000c6000000)
  object space 21504K, 24% used [0x00000000bba00000,0x00000000bbf2ed38,0x00000000bcf00000)
}
Event: 9,391 GC heap before
{Heap before GC invocations=16 (full 2):
 PSYoungGen      total 142848K, used 138048K [0x00000000eca80000, 0x00000000fca80000, 0x0000000100000000)
  eden space 41472K, 100% used [0x00000000eca80000,0x00000000ef300000,0x00000000ef300000)
  from space 101376K, 95% used [0x00000000ef300000,0x00000000f5150040,0x00000000f5600000)
  to   space 105472K, 0% used [0x00000000f6380000,0x00000000f6380000,0x00000000fca80000)
 ParOldGen       total 139776K, used 88362K [0x00000000c6000000, 0x00000000ce880000, 0x00000000eca80000)
  object space 139776K, 63% used [0x00000000c6000000,0x00000000cb64a978,0x00000000ce880000)
 PSPermGen       total 21504K, used 5307K [0x00000000bba00000, 0x00000000bcf00000, 0x00000000c6000000)
  object space 21504K, 24% used [0x00000000bba00000,0x00000000bbf2ed38,0x00000000bcf00000)
Event: 9,641 GC heap after
Heap after GC invocations=16 (full 2):
 PSYoungGen      total 154624K, used 76096K [0x00000000eca80000, 0x00000000fc980000, 0x0000000100000000)
  eden space 50176K, 0% used [0x00000000eca80000,0x00000000eca80000,0x00000000efb80000)
  from space 104448K, 72% used [0x00000000f6380000,0x00000000fadd0060,0x00000000fc980000)
  to   space 105472K, 0% used [0x00000000efb80000,0x00000000efb80000,0x00000000f6280000)
 ParOldGen       total 139776K, used 109090K [0x00000000c6000000, 0x00000000ce880000, 0x00000000eca80000)
  object space 139776K, 78% used [0x00000000c6000000,0x00000000cca88978,0x00000000ce880000)
 PSPermGen       total 21504K, used 5307K [0x00000000bba00000, 0x00000000bcf00000, 0x00000000c6000000)
  object space 21504K, 24% used [0x00000000bba00000,0x00000000bbf2ed38,0x00000000bcf00000)
}
Event: 12,291 GC heap before
{Heap before GC invocations=17 (full 2):
 PSYoungGen      total 154624K, used 126272K [0x00000000eca80000, 0x00000000fc980000, 0x0000000100000000)
  eden space 50176K, 100% used [0x00000000eca80000,0x00000000efb80000,0x00000000efb80000)
  from space 104448K, 72% used [0x00000000f6380000,0x00000000fadd0060,0x00000000fc980000)
  to   space 105472K, 0% used [0x00000000efb80000,0x00000000efb80000,0x00000000f6280000)
 ParOldGen       total 139776K, used 109090K [0x00000000c6000000, 0x00000000ce880000, 0x00000000eca80000)
  object space 139776K, 78% used [0x00000000c6000000,0x00000000cca88978,0x00000000ce880000)
 PSPermGen       total 21504K, used 5307K [0x00000000bba00000, 0x00000000bcf00000, 0x00000000c6000000)
  object space 21504K, 24% used [0x00000000bba00000,0x00000000bbf2ed38,0x00000000bcf00000)
Event: 12,499 GC heap after
Heap after GC invocations=17 (full 2):
 PSYoungGen      total 155648K, used 59648K [0x00000000eca80000, 0x00000000fd280000, 0x0000000100000000)
  eden space 50176K, 0% used [0x00000000eca80000,0x00000000eca80000,0x00000000efb80000)
  from space 105472K, 56% used [0x00000000efb80000,0x00000000f35c0040,0x00000000f6280000)
  to   space 105472K, 0% used [0x00000000f6b80000,0x00000000f6b80000,0x00000000fd280000)
 ParOldGen       total 139776K, used 125674K [0x00000000c6000000, 0x00000000ce880000, 0x00000000eca80000)
  object space 139776K, 89% used [0x00000000c6000000,0x00000000cdaba998,0x00000000ce880000)
 PSPermGen       total 21504K, used 5307K [0x00000000bba00000, 0x00000000bcf00000, 0x00000000c6000000)
  object space 21504K, 24% used [0x00000000bba00000,0x00000000bbf2ed38,0x00000000bcf00000)
}
Event: 12,521 GC heap before
{Heap before GC invocations=18 (full 3):
 PSYoungGen      total 155648K, used 59648K [0x00000000eca80000, 0x00000000fd280000, 0x0000000100000000)
  eden space 50176K, 0% used [0x00000000eca80000,0x00000000eca80000,0x00000000efb80000)
  from space 105472K, 56% used [0x00000000efb80000,0x00000000f35c0040,0x00000000f6280000)
  to   space 105472K, 0% used [0x00000000f6b80000,0x00000000f6b80000,0x00000000fd280000)
 ParOldGen       total 139776K, used 125674K [0x00000000c6000000, 0x00000000ce880000, 0x00000000eca80000)
  object space 139776K, 89% used [0x00000000c6000000,0x00000000cdaba998,0x00000000ce880000)
 PSPermGen       total 21504K, used 5307K [0x00000000bba00000, 0x00000000bcf00000, 0x00000000c6000000)
  object space 21504K, 24% used [0x00000000bba00000,0x00000000bbf2ed38,0x00000000bcf00000)

