# JRE version: OpenJDK Runtime Environment (7.0_79-b14) (build 1.7.0_79-b14)
# Java VM: OpenJDK 64-Bit Server VM (24.79-b02 mixed mode linux-amd64 compressed oops)
Heap
 PSYoungGen      total 203264K, used 45472K [0x00000000eca80000, 0x00000000ff800000, 0x0000000100000000)
  eden space 105984K, 0% used [0x00000000eca80000,0x00000000eca80000,0x00000000f3200000)
  from space 97280K, 46% used [0x00000000f9900000,0x00000000fc568000,0x00000000ff800000)
  to   space 101376K, 0% used [0x00000000f3200000,0x00000000f3200000,0x00000000f9500000)
 ParOldGen       total 558080K, used 499991K [0x00000000c6000000, 0x00000000e8100000, 0x00000000eca80000)
  object space 558080K, 89% used [0x00000000c6000000,0x00000000e4845fb8,0x00000000e8100000)
 PSPermGen       total 21504K, used 3757K [0x00000000bba00000, 0x00000000bcf00000, 0x00000000c6000000)
  object space 21504K, 17% used [0x00000000bba00000,0x00000000bbdab6f8,0x00000000bcf00000)
GC Heap History (10 events):
Event: 32,819 GC heap after
Heap after GC invocations=20 (full 5):
 PSYoungGen      total 211456K, used 45472K [0x00000000eca80000, 0x0000000100000000, 0x0000000100000000)
  eden space 105984K, 0% used [0x00000000eca80000,0x00000000eca80000,0x00000000f3200000)
  from space 105472K, 43% used [0x00000000f3200000,0x00000000f5e68000,0x00000000f9900000)
  to   space 105472K, 0% used [0x00000000f9900000,0x00000000f9900000,0x0000000100000000)
 ParOldGen       total 406528K, used 363637K [0x00000000c6000000, 0x00000000ded00000, 0x00000000eca80000)
  object space 406528K, 89% used [0x00000000c6000000,0x00000000dc31d498,0x00000000ded00000)
 PSPermGen       total 21504K, used 3757K [0x00000000bba00000, 0x00000000bcf00000, 0x00000000c6000000)
  object space 21504K, 17% used [0x00000000bba00000,0x00000000bbdab6f8,0x00000000bcf00000)
}
Event: 32,819 GC heap before
{Heap before GC invocations=21 (full 6):
 PSYoungGen      total 211456K, used 45472K [0x00000000eca80000, 0x0000000100000000, 0x0000000100000000)
  eden space 105984K, 0% used [0x00000000eca80000,0x00000000eca80000,0x00000000f3200000)
  from space 105472K, 43% used [0x00000000f3200000,0x00000000f5e68000,0x00000000f9900000)
  to   space 105472K, 0% used [0x00000000f9900000,0x00000000f9900000,0x0000000100000000)
 ParOldGen       total 406528K, used 363637K [0x00000000c6000000, 0x00000000ded00000, 0x00000000eca80000)
  object space 406528K, 89% used [0x00000000c6000000,0x00000000dc31d498,0x00000000ded00000)
 PSPermGen       total 21504K, used 3757K [0x00000000bba00000, 0x00000000bcf00000, 0x00000000c6000000)
  object space 21504K, 17% used [0x00000000bba00000,0x00000000bbdab6f8,0x00000000bcf00000)
Event: 36,165 GC heap after
Heap after GC invocations=21 (full 6):
 PSYoungGen      total 211456K, used 2455K [0x00000000eca80000, 0x0000000100000000, 0x0000000100000000)
  eden space 105984K, 0% used [0x00000000eca80000,0x00000000eca80000,0x00000000f3200000)
  from space 105472K, 2% used [0x00000000f3200000,0x00000000f3465ce0,0x00000000f9900000)
  to   space 105472K, 0% used [0x00000000f9900000,0x00000000f9900000,0x0000000100000000)
 ParOldGen       total 558080K, used 406303K [0x00000000c6000000, 0x00000000e8100000, 0x00000000eca80000)
  object space 558080K, 72% used [0x00000000c6000000,0x00000000decc7fb8,0x00000000e8100000)
 PSPermGen       total 21504K, used 3757K [0x00000000bba00000, 0x00000000bcf00000, 0x00000000c6000000)
  object space 21504K, 17% used [0x00000000bba00000,0x00000000bbdab6f8,0x00000000bcf00000)
}
Event: 36,640 GC heap before
{Heap before GC invocations=22 (full 6):
 PSYoungGen      total 211456K, used 108439K [0x00000000eca80000, 0x0000000100000000, 0x0000000100000000)
  eden space 105984K, 100% used [0x00000000eca80000,0x00000000f3200000,0x00000000f3200000)
  from space 105472K, 2% used [0x00000000f3200000,0x00000000f3465ce0,0x00000000f9900000)
  to   space 105472K, 0% used [0x00000000f9900000,0x00000000f9900000,0x0000000100000000)
 ParOldGen       total 558080K, used 406303K [0x00000000c6000000, 0x00000000e8100000, 0x00000000eca80000)
  object space 558080K, 72% used [0x00000000c6000000,0x00000000decc7fb8,0x00000000e8100000)
 PSPermGen       total 21504K, used 3757K [0x00000000bba00000, 0x00000000bcf00000, 0x00000000c6000000)
  object space 21504K, 17% used [0x00000000bba00000,0x00000000bbdab6f8,0x00000000bcf00000)
Event: 37,049 GC heap after
Heap after GC invocations=22 (full 6):
 PSYoungGen      total 211456K, used 45472K [0x00000000eca80000, 0x0000000100000000, 0x0000000100000000)
  eden space 105984K, 0% used [0x00000000eca80000,0x00000000eca80000,0x00000000f3200000)
  from space 105472K, 43% used [0x00000000f9900000,0x00000000fc568000,0x0000000100000000)
  to   space 105472K, 0% used [0x00000000f3200000,0x00000000f3200000,0x00000000f9900000)
 ParOldGen       total 558080K, used 408775K [0x00000000c6000000, 0x00000000e8100000, 0x00000000eca80000)
  object space 558080K, 73% used [0x00000000c6000000,0x00000000def31fb8,0x00000000e8100000)
 PSPermGen       total 21504K, used 3757K [0x00000000bba00000, 0x00000000bcf00000, 0x00000000c6000000)
  object space 21504K, 17% used [0x00000000bba00000,0x00000000bbdab6f8,0x00000000bcf00000)
}
Event: 37,530 GC heap before
{Heap before GC invocations=23 (full 6):
 PSYoungGen      total 211456K, used 151456K [0x00000000eca80000, 0x0000000100000000, 0x0000000100000000)
  eden space 105984K, 100% used [0x00000000eca80000,0x00000000f3200000,0x00000000f3200000)
  from space 105472K, 43% used [0x00000000f9900000,0x00000000fc568000,0x0000000100000000)
  to   space 105472K, 0% used [0x00000000f3200000,0x00000000f3200000,0x00000000f9900000)
 ParOldGen       total 558080K, used 408775K [0x00000000c6000000, 0x00000000e8100000, 0x00000000eca80000)
  object space 558080K, 73% used [0x00000000c6000000,0x00000000def31fb8,0x00000000e8100000)
 PSPermGen       total 21504K, used 3757K [0x00000000bba00000, 0x00000000bcf00000, 0x00000000c6000000)
  object space 21504K, 17% used [0x00000000bba00000,0x00000000bbdab6f8,0x00000000bcf00000)
Event: 37,802 GC heap after
Heap after GC invocations=23 (full 6):
 PSYoungGen      total 211456K, used 45472K [0x00000000eca80000, 0x0000000100000000, 0x0000000100000000)
  eden space 105984K, 0% used [0x00000000eca80000,0x00000000eca80000,0x00000000f3200000)
  from space 105472K, 43% used [0x00000000f3200000,0x00000000f5e68000,0x00000000f9900000)
  to   space 105472K, 0% used [0x00000000f9900000,0x00000000f9900000,0x0000000100000000)
 ParOldGen       total 558080K, used 454383K [0x00000000c6000000, 0x00000000e8100000, 0x00000000eca80000)
  object space 558080K, 81% used [0x00000000c6000000,0x00000000e1bbbfb8,0x00000000e8100000)
 PSPermGen       total 21504K, used 3757K [0x00000000bba00000, 0x00000000bcf00000, 0x00000000c6000000)
  object space 21504K, 17% used [0x00000000bba00000,0x00000000bbdab6f8,0x00000000bcf00000)
}
Event: 38,290 GC heap before
{Heap before GC invocations=24 (full 6):
 PSYoungGen      total 211456K, used 151456K [0x00000000eca80000, 0x0000000100000000, 0x0000000100000000)
  eden space 105984K, 100% used [0x00000000eca80000,0x00000000f3200000,0x00000000f3200000)
  from space 105472K, 43% used [0x00000000f3200000,0x00000000f5e68000,0x00000000f9900000)
  to   space 105472K, 0% used [0x00000000f9900000,0x00000000f9900000,0x0000000100000000)
 ParOldGen       total 558080K, used 454383K [0x00000000c6000000, 0x00000000e8100000, 0x00000000eca80000)
  object space 558080K, 81% used [0x00000000c6000000,0x00000000e1bbbfb8,0x00000000e8100000)
 PSPermGen       total 21504K, used 3757K [0x00000000bba00000, 0x00000000bcf00000, 0x00000000c6000000)
  object space 21504K, 17% used [0x00000000bba00000,0x00000000bbdab6f8,0x00000000bcf00000)
Event: 38,591 GC heap after
Heap after GC invocations=24 (full 6):
 PSYoungGen      total 203264K, used 45472K [0x00000000eca80000, 0x00000000ff800000, 0x0000000100000000)
  eden space 105984K, 0% used [0x00000000eca80000,0x00000000eca80000,0x00000000f3200000)
  from space 97280K, 46% used [0x00000000f9900000,0x00000000fc568000,0x00000000ff800000)
  to   space 101376K, 0% used [0x00000000f3200000,0x00000000f3200000,0x00000000f9500000)
 ParOldGen       total 558080K, used 499991K [0x00000000c6000000, 0x00000000e8100000, 0x00000000eca80000)
  object space 558080K, 89% used [0x00000000c6000000,0x00000000e4845fb8,0x00000000e8100000)
 PSPermGen       total 21504K, used 3757K [0x00000000bba00000, 0x00000000bcf00000, 0x00000000c6000000)
  object space 21504K, 17% used [0x00000000bba00000,0x00000000bbdab6f8,0x00000000bcf00000)
}
Event: 38,591 GC heap before
{Heap before GC invocations=25 (full 7):
 PSYoungGen      total 203264K, used 45472K [0x00000000eca80000, 0x00000000ff800000, 0x0000000100000000)
  eden space 105984K, 0% used [0x00000000eca80000,0x00000000eca80000,0x00000000f3200000)
  from space 97280K, 46% used [0x00000000f9900000,0x00000000fc568000,0x00000000ff800000)
  to   space 101376K, 0% used [0x00000000f3200000,0x00000000f3200000,0x00000000f9500000)
 ParOldGen       total 558080K, used 499991K [0x00000000c6000000, 0x00000000e8100000, 0x00000000eca80000)
  object space 558080K, 89% used [0x00000000c6000000,0x00000000e4845fb8,0x00000000e8100000)
 PSPermGen       total 21504K, used 3757K [0x00000000bba00000, 0x00000000bcf00000, 0x00000000c6000000)
  object space 21504K, 17% used [0x00000000bba00000,0x00000000bbdab6f8,0x00000000bcf00000)

